<?xml version="1.0" encoding="UTF-8"?>
<!-- Generated by org.testng.reporters.JUnitReportReporter -->
<testsuite skipped="0" hostname="IN-QA10" name="P1.TC_001" tests="1" failures="0" timestamp="06 May 2018 06:24:26 GMT" time="19.843" errors="0">
  <testcase name="TestCase1" time="19.843" classname="P1.TC_001"/>
</testsuite> <!-- P1.TC_001 -->
