<?xml version="1.0" encoding="UTF-8"?>
<!-- Generated by org.testng.reporters.JUnitReportReporter -->
<testsuite skipped="0" hostname="IN-QA10" name="TectCases1.FirstTestCase" tests="1" failures="0" timestamp="08 Apr 2018 12:02:43 GMT" time="41.891" errors="0">
  <testcase name="Scenario" time="41.891" classname="TectCases1.FirstTestCase"/>
</testsuite> <!-- TectCases1.FirstTestCase -->
