<?xml version="1.0" encoding="UTF-8"?>
<!-- Generated by org.testng.reporters.JUnitReportReporter -->
<testsuite skipped="0" hostname="IN-QA10" name="POMConcepts1.Tc_1" tests="1" failures="0" timestamp="08 Apr 2018 10:30:20 GMT" time="17.619" errors="0">
  <testcase name="Scenario" time="17.619" classname="POMConcepts1.Tc_1"/>
</testsuite> <!-- POMConcepts1.Tc_1 -->
