<?xml version="1.0" encoding="UTF-8"?>
<!-- Generated by org.testng.reporters.JUnitReportReporter -->
<testsuite skipped="0" hostname="IN-QA10" name="MouseHover.TC1" tests="1" failures="0" timestamp="21 Apr 2018 07:03:11 GMT" time="11.431" errors="0">
  <testcase name="TestCase" time="11.431" classname="MouseHover.TC1"/>
</testsuite> <!-- MouseHover.TC1 -->
