<?xml version="1.0" encoding="UTF-8"?>
<!-- Generated by org.testng.reporters.JUnitReportReporter -->
<testsuite skipped="0" hostname="IN-QA10" name="oopsImplementaionInWebDriver.Tc_1" tests="1" failures="0" timestamp="08 Apr 2018 10:51:12 GMT" time="15.759" errors="0">
  <testcase name="Scenario" time="15.759" classname="oopsImplementaionInWebDriver.Tc_1"/>
</testsuite> <!-- oopsImplementaionInWebDriver.Tc_1 -->
