<?xml version="1.0" encoding="UTF-8"?>
<!-- Generated by org.testng.reporters.JUnitReportReporter -->
<testsuite skipped="0" hostname="IN-QA10" name="Package2.Class_TC" tests="1" failures="0" timestamp="22 Apr 2018 07:07:05 GMT" time="19.449" errors="0">
  <testcase name="TestCase1" time="19.449" classname="Package2.Class_TC"/>
</testsuite> <!-- Package2.Class_TC -->
