<?xml version="1.0" encoding="UTF-8"?>
<!-- Generated by org.testng.reporters.JUnitReportReporter -->
<testsuite skipped="0" hostname="IN-QA10" name="BasicTest.SignUp" tests="1" failures="0" timestamp="31 Mar 2018 13:15:16 GMT" time="27.284" errors="0">
  <testcase name="FacebookSignUp" time="27.284" classname="BasicTest.SignUp"/>
</testsuite> <!-- BasicTest.SignUp -->
