<?xml version="1.0" encoding="UTF-8"?>
<!-- Generated by org.testng.reporters.JUnitReportReporter -->
<testsuite skipped="0" hostname="IN-QA10" name="BasicTest.FaceBookWithTestNG" tests="1" failures="0" timestamp="05 Apr 2018 17:27:47 GMT" time="14.556" errors="0">
  <testcase name="TC_2" time="14.556" classname="BasicTest.FaceBookWithTestNG"/>
</testsuite> <!-- BasicTest.FaceBookWithTestNG -->
