<?xml version="1.0" encoding="UTF-8"?>
<!-- Generated by org.testng.reporters.JUnitReportReporter -->
<testsuite skipped="0" hostname="IN-QA10" name="org.RBS.TestCase.TC_001" tests="3" failures="0" timestamp="19 May 2018 16:27:46 GMT" time="36.463" errors="0">
  <testcase name="Case1" time="9.693" classname="org.RBS.TestCase.TC_001"/>
  <testcase name="Case1" time="16.453" classname="org.RBS.TestCase.TC_001"/>
  <testcase name="Case1" time="10.317" classname="org.RBS.TestCase.TC_001"/>
</testsuite> <!-- org.RBS.TestCase.TC_001 -->
